<?xml version="1.0" encoding="UTF-8"?>
<!-- Generated by org.testng.reporters.JUnitXMLReporter -->
<testsuite ignored="0" hostname="DESKTOP-EDAL3S7" failures="1" tests="3" name="firefoxTest" time="34.894" errors="0" timestamp="2025-02-21T16:54:55 IST">
  <testcase classname="testng.paramTest" name="testLogo" time="1.276">
    <failure type="java.lang.AssertionError" message="expected [true] but found [false]">
      <![CDATA[java.lang.AssertionError: expected [true] but found [false]
at testng.paramTest.testLogo(paramTest.java:47)
at java.base/java.util.ArrayList.forEach(ArrayList.java:1597)
at java.base/java.util.concurrent.FutureTask.run(FutureTask.java:317)
at java.base/java.util.concurrent.ThreadPoolExecutor.runWorker(ThreadPoolExecutor.java:1144)
at java.base/java.util.concurrent.ThreadPoolExecutor$Worker.run(ThreadPoolExecutor.java:642)
at java.base/java.lang.Thread.run(Thread.java:1575)
... Removed 22 stack frames]]>
    </failure>
  </testcase> <!-- testLogo -->
  <testcase classname="testng.paramTest" name="testTitle" time="0.012"/>
  <testcase classname="testng.paramTest" name="testURL" time="0.01"/>
</testsuite> <!-- firefoxTest -->
